Arguments: 
  C:\Program Files\nodejs\node.exe C:\Users\malrodrigues\AppData\Roaming\npm\node_modules\yarn\bin\yarn.js add ts-node-dev -D

PATH: 
  C:\ProgramData\Anaconda3;C:\ProgramData\Anaconda3\Library\mingw-w64\bin;C:\ProgramData\Anaconda3\Library\usr\bin;C:\ProgramData\Anaconda3\Library\bin;C:\ProgramData\Anaconda3\Scripts;C:\Program Files (x86)\Common Files\Oracle\Java\javapath;C:\windows\system32;C:\windows;C:\windows\System32\Wbem;C:\windows\System32\WindowsPowerShell\v1.0\;C:\windows\System32\OpenSSH\;C:\Program Files (x86)\Microsoft SQL Server\150\DTS\Binn\;C:\Program Files\dotnet\;C:\Program Files\Microsoft SQL Server\Client SDK\ODBC\130\Tools\Binn\;C:\Program Files\Microsoft SQL Server\130\Tools\Binn\;C:\Program Files\Microsoft SQL Server\Client SDK\ODBC\170\Tools\Binn\;C:\Program Files\nodejs\;C:\Program Files\PowerShell\7\;C:\Program Files (x86)\dotnet\;C:\Program Files\Java\jdk1.8.0_281\bin;C:\Program Files (x86)\Microsoft SQL Server\150\Tools\Binn\;C:\Program Files\Microsoft SQL Server\150\Tools\Binn\;C:\Program Files\Microsoft SQL Server\150\DTS\Binn\;;C:\Program Files\Docker\Docker\resources\bin;C:\ProgramData\DockerDesktop\version-bin;C:\Users\malrodrigues\AppData\Local\Microsoft\WindowsApps;C:\Users\malrodrigues\AppData\Local\Programs\Microsoft VS Code\bin;C:\Users\malrodrigues\.dotnet\tools;C:\Users\malrodrigues\AppData\Roaming\npm;C:\Users\malrodrigues\AppData\Local\Programs\Git\cmd;C:\Users\malrodrigues\AppData\Local\Programs\Azure Data Studio\bin;C:\Users\malrodrigues\.dotnet\tools

Yarn version: 
  1.22.10

Node version: 
  14.16.1

Platform: 
  win32 x64

Trace: 
  Error: self signed certificate in certificate chain
      at TLSSocket.onConnectSecure (_tls_wrap.js:1497:34)
      at TLSSocket.emit (events.js:315:20)
      at TLSSocket._finishInit (_tls_wrap.js:932:8)
      at TLSWrap.ssl.onhandshakedone (_tls_wrap.js:706:12)

npm manifest: 
  {
    "name": "nlw_chat",
    "version": "1.0.0",
    "main": "index.js",
    "license": "MIT",
    "dependencies": {
      "@types/express": "^4.17.11",
      "express": "^4.17.1"
    },
    "devDependencies": {
      "typescript": "^4.2.4"
    }
  }

yarn manifest: 
  No manifest

Lockfile: 
  No lockfile
